0 info it worked if it ends with ok
1 verbose cli [ 'c:\\Program Files\\nodejs\\node.exe',
1 verbose cli   'c:\\Program Files\\nodejs\\node_modules\\npm\\bin\\npm-cli.js',
1 verbose cli   'adduser' ]
2 info using npm@2.14.12
3 info using node@v4.3.2
4 verbose adduser before first PUT { _id: 'org.couchdb.user:guoxmin',
4 verbose adduser   name: 'guoxmin',
4 verbose adduser   password: 'XXXXX',
4 verbose adduser   email: 'guo469477762@gmail.com',
4 verbose adduser   type: 'user',
4 verbose adduser   roles: [],
4 verbose adduser   date: '2016-03-16T08:20:07.984Z' }
5 verbose request uri https://registry.npm.taobao.org/-/user/org.couchdb.user:guoxmin
6 verbose request new user, so can't send auth
7 info attempt registry request try #1 at 16:20:07
8 verbose request id e185c227dbbab652
9 http request PUT https://registry.npm.taobao.org/-/user/org.couchdb.user:guoxmin
10 http 409 https://registry.npm.taobao.org/-/user/org.couchdb.user:guoxmin
11 verbose headers { date: 'Wed, 16 Mar 2016 08:20:09 GMT',
11 verbose headers   'content-type': 'application/json; charset=utf-8',
11 verbose headers   'content-length': '60',
11 verbose headers   connection: 'keep-alive',
11 verbose headers   'x-readtime': '35' }
12 verbose request invalidating C:\Users\win8\AppData\Roaming\npm-cache\registry.npm.taobao.org\-\user\org.couchdb.user_3Aguoxmin on PUT
13 verbose adduser update existing user
14 verbose request uri https://registry.npm.taobao.org/-/user/org.couchdb.user:guoxmin?write=true
15 verbose request no auth needed
16 info attempt registry request try #1 at 16:20:08
17 http request GET https://registry.npm.taobao.org/-/user/org.couchdb.user:guoxmin?write=true
18 http 200 https://registry.npm.taobao.org/-/user/org.couchdb.user:guoxmin?write=true
19 verbose headers { date: 'Wed, 16 Mar 2016 08:20:09 GMT',
19 verbose headers   'content-type': 'application/json; charset=utf-8',
19 verbose headers   'content-length': '228',
19 verbose headers   connection: 'keep-alive',
19 verbose headers   etag: '"e4-uW+uTSQo3bVqs82RjOGa3g"',
19 verbose headers   'x-readtime': '15' }
20 verbose adduser userobj { _id: 'org.couchdb.user:guoxmin',
20 verbose adduser   name: 'guoxmin',
20 verbose adduser   password: 'XXXXX',
20 verbose adduser   email: 'guo469477762@gmail.com',
20 verbose adduser   type: 'user',
20 verbose adduser   roles: [],
20 verbose adduser   date: '2016-03-16T08:20:07.984Z' }
21 verbose request uri https://registry.npm.taobao.org/-/user/org.couchdb.user:guoxmin/-rev/undefined
22 verbose request updating existing user; sending authorization
23 info attempt registry request try #1 at 16:20:08
24 http request PUT https://registry.npm.taobao.org/-/user/org.couchdb.user:guoxmin/-rev/undefined
25 http 401 https://registry.npm.taobao.org/-/user/org.couchdb.user:guoxmin/-rev/undefined
26 verbose headers { date: 'Wed, 16 Mar 2016 08:20:09 GMT',
26 verbose headers   'content-type': 'application/json; charset=utf-8',
26 verbose headers   'content-length': '47',
26 verbose headers   connection: 'keep-alive',
26 verbose headers   'x-readtime': '36' }
27 verbose request invalidating C:\Users\win8\AppData\Roaming\npm-cache\registry.npm.taobao.org\-\user\org.couchdb.user_3Aguoxmin on PUT
28 verbose adduser back [ { [Error: unauthorized Login first: -/user/org.couchdb.user:guoxmin/-rev/undefined] statusCode: 401, code: 'E401' },
28 verbose adduser   { error: 'unauthorized', reason: 'Login first' },
28 verbose adduser   '{"error":"unauthorized","reason":"Login first"}' ]
29 warn adduser Incorrect username or password
29 warn adduser You can reset your account by visiting:
29 warn adduser
29 warn adduser     https://npmjs.org/forgot
30 verbose stack Error: unauthorized Login first: -/user/org.couchdb.user:guoxmin/-rev/undefined
30 verbose stack     at makeError (c:\Program Files\nodejs\node_modules\npm\node_modules\npm-registry-client\lib\request.js:264:12)
30 verbose stack     at CachingRegistryClient.<anonymous> (c:\Program Files\nodejs\node_modules\npm\node_modules\npm-registry-client\lib\request.js:252:14)
30 verbose stack     at Request._callback (c:\Program Files\nodejs\node_modules\npm\node_modules\npm-registry-client\lib\request.js:172:14)
30 verbose stack     at Request.self.callback (c:\Program Files\nodejs\node_modules\npm\node_modules\request\request.js:198:22)
30 verbose stack     at emitTwo (events.js:87:13)
30 verbose stack     at Request.emit (events.js:172:7)
30 verbose stack     at Request.<anonymous> (c:\Program Files\nodejs\node_modules\npm\node_modules\request\request.js:1082:10)
30 verbose stack     at emitOne (events.js:82:20)
30 verbose stack     at Request.emit (events.js:169:7)
30 verbose stack     at IncomingMessage.<anonymous> (c:\Program Files\nodejs\node_modules\npm\node_modules\request\request.js:1009:12)
31 verbose statusCode 401
32 verbose cwd d:\www\github\pcat-packager-widget-render
33 error Windows_NT 6.2.9200
34 error argv "c:\\Program Files\\nodejs\\node.exe" "c:\\Program Files\\nodejs\\node_modules\\npm\\bin\\npm-cli.js" "adduser"
35 error node v4.3.2
36 error npm  v2.14.12
37 error code E401
38 error unauthorized Login first: -/user/org.couchdb.user:guoxmin/-rev/undefined
39 error If you need help, you may report this error at:
39 error     <https://github.com/npm/npm/issues>
40 verbose exit [ 1, true ]
